<?xml version="1.0" encoding="UTF-8"?>
<!-- Generated by org.testng.reporters.JUnitXMLReporter -->
<testsuite hostname="btm-fac" name="Test" tests="2" failures="0" timestamp="5 Aug 2017 10:59:10 GMT" time="9.183" errors="0">
  <testcase name="@AfterMethod postCondition" time="0.0" classname="com.actitime.test.TestA">
    <failure type="java.lang.IllegalAccessException" message="Class generic.BaseTest can not access a member of class org.testng.internal.BaseTestMethod with modifiers &amp;quot;private final&amp;quot;">
      <![CDATA[java.lang.IllegalAccessException: Class generic.BaseTest can not access a member of class org.testng.internal.BaseTestMethod with modifiers "private final"
	at generic.BaseTest.postCondition(BaseTest.java:32)
... Removed 30 stack frames]]>
    </failure>
  </testcase> <!-- @AfterMethod postCondition -->
  <testcase name="@BeforeMethod preCondition" time="0.0" classname="com.actitime.test.TestB">
    <skipped/>
  </testcase> <!-- @BeforeMethod preCondition -->
  <testcase name="@AfterMethod postCondition" time="0.0" classname="com.actitime.test.TestB">
    <skipped/>
  </testcase> <!-- @AfterMethod postCondition -->
  <testcase name="testScript" time="0.005" classname="com.actitime.test.TestA"/>
  <testcase name="testScript" time="0.002" classname="com.actitime.test.TestB">
    <skipped/>
  </testcase> <!-- testScript -->
</testsuite> <!-- Test -->
