<?xml version="1.0" encoding="UTF-8"?>
<!-- Generated by org.testng.reporters.JUnitXMLReporter -->
<testsuite hostname="BTM-FAC-PC" ignored="0" name="TestChrome" tests="3" failures="3" timestamp="12 Aug 2017 12:19:46 GMT" time="25.051" errors="0">
  <testcase name="testValidLogin" time="0.144" classname="com.actitime.test.ValidLogin">
    <failure type="java.lang.NoClassDefFoundError" message="org/apache/xmlbeans/XmlObject">
      <![CDATA[java.lang.NoClassDefFoundError: org/apache/xmlbeans/XmlObject
	at org.apache.poi.ss.usermodel.WorkbookFactory.create(WorkbookFactory.java:181)
	at org.apache.poi.ss.usermodel.WorkbookFactory.create(WorkbookFactory.java:140)
	at generic.Excel.getCellValue(Excel.java:11)
	at com.actitime.test.ValidLogin.testValidLogin(ValidLogin.java:12)
	at java.util.concurrent.FutureTask.run(FutureTask.java:266)
	at java.util.concurrent.ThreadPoolExecutor.runWorker(ThreadPoolExecutor.java:1142)
	at java.util.concurrent.ThreadPoolExecutor$Worker.run(ThreadPoolExecutor.java:617)
	at java.lang.Thread.run(Thread.java:745)
Caused by: java.lang.ClassNotFoundException: org.apache.xmlbeans.XmlObject
	at java.net.URLClassLoader$1.run(URLClassLoader.java:370)
	at java.net.URLClassLoader$1.run(URLClassLoader.java:362)
	at java.security.AccessController.doPrivileged(Native Method)
	at java.net.URLClassLoader.findClass(URLClassLoader.java:361)
	at java.lang.ClassLoader.loadClass(ClassLoader.java:424)
	at sun.misc.Launcher$AppClassLoader.loadClass(Launcher.java:331)
	at java.lang.ClassLoader.loadClass(ClassLoader.java:357)
	... 24 more
Caused by: java.util.zip.ZipException: invalid LOC header (bad signature)
	at java.util.zip.ZipFile.read(Native Method)
	at java.util.zip.ZipFile.access$1400(ZipFile.java:60)
	at java.util.zip.ZipFile$ZipFileInputStream.read(ZipFile.java:717)
	at java.util.zip.ZipFile$ZipFileInflaterInputStream.fill(ZipFile.java:419)
	at java.util.zip.InflaterInputStream.read(InflaterInputStream.java:158)
	at java.util.jar.Manifest$FastInputStream.fill(Manifest.java:441)
	at java.util.jar.Manifest$FastInputStream.readLine(Manifest.java:375)
	at java.util.jar.Manifest$FastInputStream.readLine(Manifest.java:409)
	at java.util.jar.Attributes.read(Attributes.java:376)
	at java.util.jar.Manifest.read(Manifest.java:199)
	at java.util.jar.Manifest.<init>(Manifest.java:69)
	at java.util.jar.JarFile.getManifestFromReference(JarFile.java:199)
	at java.util.jar.JarFile.getManifest(JarFile.java:180)
	at sun.misc.URLClassPath$JarLoader$2.getManifest(URLClassPath.java:981)
	at java.net.URLClassLoader.defineClass(URLClassLoader.java:450)
	at java.net.URLClassLoader.access$100(URLClassLoader.java:73)
	at java.net.URLClassLoader$1.run(URLClassLoader.java:368)
	... 30 more
... Removed 16 stack frames]]>
    </failure>
  </testcase> <!-- testValidLogin -->
  <testcase name="testInvalidLogin" time="0.002" classname="com.actitime.test.InvalidLogin">
    <failure type="java.lang.NoClassDefFoundError" message="org/apache/xmlbeans/XmlObject">
      <![CDATA[java.lang.NoClassDefFoundError: org/apache/xmlbeans/XmlObject
	at org.apache.poi.ss.usermodel.WorkbookFactory.create(WorkbookFactory.java:181)
	at org.apache.poi.ss.usermodel.WorkbookFactory.create(WorkbookFactory.java:140)
	at generic.Excel.getRowCount(Excel.java:21)
	at com.actitime.test.InvalidLogin.testInvalidLogin(InvalidLogin.java:11)
	at java.util.concurrent.FutureTask.run(FutureTask.java:266)
	at java.util.concurrent.ThreadPoolExecutor.runWorker(ThreadPoolExecutor.java:1142)
	at java.util.concurrent.ThreadPoolExecutor$Worker.run(ThreadPoolExecutor.java:617)
	at java.lang.Thread.run(Thread.java:745)
Caused by: java.lang.ClassNotFoundException: org.apache.xmlbeans.XmlObject
	at java.net.URLClassLoader$1.run(URLClassLoader.java:370)
	at java.net.URLClassLoader$1.run(URLClassLoader.java:362)
	at java.security.AccessController.doPrivileged(Native Method)
	at java.net.URLClassLoader.findClass(URLClassLoader.java:361)
	at java.lang.ClassLoader.loadClass(ClassLoader.java:424)
	at sun.misc.Launcher$AppClassLoader.loadClass(Launcher.java:331)
	at java.lang.ClassLoader.loadClass(ClassLoader.java:357)
	... 24 more
Caused by: java.util.zip.ZipException: invalid LOC header (bad signature)
	at java.util.zip.ZipFile.read(Native Method)
	at java.util.zip.ZipFile.access$1400(ZipFile.java:60)
	at java.util.zip.ZipFile$ZipFileInputStream.read(ZipFile.java:717)
	at java.util.zip.ZipFile$ZipFileInflaterInputStream.fill(ZipFile.java:419)
	at java.util.zip.InflaterInputStream.read(InflaterInputStream.java:158)
	at java.util.jar.Manifest$FastInputStream.fill(Manifest.java:441)
	at java.util.jar.Manifest$FastInputStream.readLine(Manifest.java:375)
	at java.util.jar.Manifest$FastInputStream.readLine(Manifest.java:409)
	at java.util.jar.Attributes.read(Attributes.java:376)
	at java.util.jar.Manifest.read(Manifest.java:199)
	at java.util.jar.Manifest.<init>(Manifest.java:69)
	at java.util.jar.JarFile.getManifestFromReference(JarFile.java:199)
	at java.util.jar.JarFile.getManifest(JarFile.java:180)
	at sun.misc.URLClassPath$JarLoader$2.getManifest(URLClassPath.java:981)
	at java.net.URLClassLoader.defineClass(URLClassLoader.java:450)
	at java.net.URLClassLoader.access$100(URLClassLoader.java:73)
	at java.net.URLClassLoader$1.run(URLClassLoader.java:368)
	... 30 more
... Removed 16 stack frames]]>
    </failure>
  </testcase> <!-- testInvalidLogin -->
  <testcase name="testVerifyProductVersion" time="0.001" classname="com.actitime.test.VerifyProductVersion">
    <failure type="java.lang.NoClassDefFoundError" message="org/apache/xmlbeans/XmlObject">
      <![CDATA[java.lang.NoClassDefFoundError: org/apache/xmlbeans/XmlObject
	at org.apache.poi.ss.usermodel.WorkbookFactory.create(WorkbookFactory.java:181)
	at org.apache.poi.ss.usermodel.WorkbookFactory.create(WorkbookFactory.java:140)
	at generic.Excel.getCellValue(Excel.java:11)
	at com.actitime.test.VerifyProductVersion.testVerifyProductVersion(VerifyProductVersion.java:14)
	at java.util.concurrent.FutureTask.run(FutureTask.java:266)
	at java.util.concurrent.ThreadPoolExecutor.runWorker(ThreadPoolExecutor.java:1142)
	at java.util.concurrent.ThreadPoolExecutor$Worker.run(ThreadPoolExecutor.java:617)
	at java.lang.Thread.run(Thread.java:745)
Caused by: java.lang.ClassNotFoundException: org.apache.xmlbeans.XmlObject
	at java.net.URLClassLoader$1.run(URLClassLoader.java:370)
	at java.net.URLClassLoader$1.run(URLClassLoader.java:362)
	at java.security.AccessController.doPrivileged(Native Method)
	at java.net.URLClassLoader.findClass(URLClassLoader.java:361)
	at java.lang.ClassLoader.loadClass(ClassLoader.java:424)
	at sun.misc.Launcher$AppClassLoader.loadClass(Launcher.java:331)
	at java.lang.ClassLoader.loadClass(ClassLoader.java:357)
	... 24 more
Caused by: java.util.zip.ZipException: invalid LOC header (bad signature)
	at java.util.zip.ZipFile.read(Native Method)
	at java.util.zip.ZipFile.access$1400(ZipFile.java:60)
	at java.util.zip.ZipFile$ZipFileInputStream.read(ZipFile.java:717)
	at java.util.zip.ZipFile$ZipFileInflaterInputStream.fill(ZipFile.java:419)
	at java.util.zip.InflaterInputStream.read(InflaterInputStream.java:158)
	at java.util.jar.Manifest$FastInputStream.fill(Manifest.java:441)
	at java.util.jar.Manifest$FastInputStream.readLine(Manifest.java:375)
	at java.util.jar.Manifest$FastInputStream.readLine(Manifest.java:409)
	at java.util.jar.Attributes.read(Attributes.java:376)
	at java.util.jar.Manifest.read(Manifest.java:199)
	at java.util.jar.Manifest.<init>(Manifest.java:69)
	at java.util.jar.JarFile.getManifestFromReference(JarFile.java:199)
	at java.util.jar.JarFile.getManifest(JarFile.java:180)
	at sun.misc.URLClassPath$JarLoader$2.getManifest(URLClassPath.java:981)
	at java.net.URLClassLoader.defineClass(URLClassLoader.java:450)
	at java.net.URLClassLoader.access$100(URLClassLoader.java:73)
	at java.net.URLClassLoader$1.run(URLClassLoader.java:368)
	... 30 more
... Removed 16 stack frames]]>
    </failure>
  </testcase> <!-- testVerifyProductVersion -->
</testsuite> <!-- TestChrome -->
