<?xml version="1.0" encoding="UTF-8"?>
<testsuite xmlns:xsi="http://www.w3.org/2001/XMLSchema-instance" xsi:noNamespaceSchemaLocation="https://maven.apache.org/surefire/maven-surefire-plugin/xsd/surefire-test-report.xsd" name="TestSuite" time="25.611" tests="6" errors="0" skipped="0" failures="6">
  <properties>
[...]
</properties>
  <testcase name="testValidLogin" classname="com.actitime.test.ValidLogin" time="0.165">
    <failure message="org/apache/xmlbeans/XmlObject" type="java.lang.NoClassDefFoundError">java.lang.NoClassDefFoundError: org/apache/xmlbeans/XmlObject
	at com.actitime.test.ValidLogin.testValidLogin(ValidLogin.java:12)
Caused by: java.lang.ClassNotFoundException: org.apache.xmlbeans.XmlObject
	at com.actitime.test.ValidLogin.testValidLogin(ValidLogin.java:12)
Caused by: java.util.zip.ZipException: invalid LOC header (bad signature)
	at com.actitime.test.ValidLogin.testValidLogin(ValidLogin.java:12)
</failure>
    <system-out><![CDATA[[TestNGContentHandler] [WARN] It is strongly recommended to add "<!DOCTYPE suite SYSTEM "http://testng.org/testng-1.0.dtd" >" at the top of your file, otherwise TestNG may fail or not work as expected.
]]></system-out>
    <system-err><![CDATA[Aug 12, 2017 5:49:28 PM org.openqa.selenium.remote.ProtocolHandshake createSession
INFO: Detected dialect: OSS
Aug 12, 2017 5:49:28 PM org.openqa.selenium.remote.ProtocolHandshake createSession
INFO: Detected dialect: OSS
]]></system-err>
  </testcase>
  <testcase name="testValidLogin" classname="com.actitime.test.ValidLogin" time="0">
    <failure message="org/apache/xmlbeans/XmlObject" type="java.lang.NoClassDefFoundError">java.lang.NoClassDefFoundError: org/apache/xmlbeans/XmlObject
	at com.actitime.test.ValidLogin.testValidLogin(ValidLogin.java:12)
Caused by: java.lang.ClassNotFoundException: org.apache.xmlbeans.XmlObject
	at com.actitime.test.ValidLogin.testValidLogin(ValidLogin.java:12)
Caused by: java.util.zip.ZipException: invalid LOC header (bad signature)
	at com.actitime.test.ValidLogin.testValidLogin(ValidLogin.java:12)
</failure>
  </testcase>
  <testcase name="testInvalidLogin" classname="com.actitime.test.InvalidLogin" time="0">
    <failure message="org/apache/xmlbeans/XmlObject" type="java.lang.NoClassDefFoundError">java.lang.NoClassDefFoundError: org/apache/xmlbeans/XmlObject
	at com.actitime.test.InvalidLogin.testInvalidLogin(InvalidLogin.java:11)
Caused by: java.lang.ClassNotFoundException: org.apache.xmlbeans.XmlObject
	at com.actitime.test.InvalidLogin.testInvalidLogin(InvalidLogin.java:11)
Caused by: java.util.zip.ZipException: invalid LOC header (bad signature)
	at com.actitime.test.InvalidLogin.testInvalidLogin(InvalidLogin.java:11)
</failure>
    <system-err><![CDATA[Aug 12, 2017 5:49:36 PM org.openqa.selenium.remote.ProtocolHandshake createSession
INFO: Detected dialect: OSS
Aug 12, 2017 5:49:37 PM org.openqa.selenium.remote.ProtocolHandshake createSession
INFO: Detected dialect: OSS
]]></system-err>
  </testcase>
  <testcase name="testInvalidLogin" classname="com.actitime.test.InvalidLogin" time="0">
    <failure message="org/apache/xmlbeans/XmlObject" type="java.lang.NoClassDefFoundError">java.lang.NoClassDefFoundError: org/apache/xmlbeans/XmlObject
	at com.actitime.test.InvalidLogin.testInvalidLogin(InvalidLogin.java:11)
Caused by: java.lang.ClassNotFoundException: org.apache.xmlbeans.XmlObject
	at com.actitime.test.InvalidLogin.testInvalidLogin(InvalidLogin.java:11)
Caused by: java.util.zip.ZipException: invalid LOC header (bad signature)
	at com.actitime.test.InvalidLogin.testInvalidLogin(InvalidLogin.java:11)
</failure>
  </testcase>
  <testcase name="testVerifyProductVersion" classname="com.actitime.test.VerifyProductVersion" time="0">
    <failure message="org/apache/xmlbeans/XmlObject" type="java.lang.NoClassDefFoundError">java.lang.NoClassDefFoundError: org/apache/xmlbeans/XmlObject
	at com.actitime.test.VerifyProductVersion.testVerifyProductVersion(VerifyProductVersion.java:14)
Caused by: java.lang.ClassNotFoundException: org.apache.xmlbeans.XmlObject
	at com.actitime.test.VerifyProductVersion.testVerifyProductVersion(VerifyProductVersion.java:14)
Caused by: java.util.zip.ZipException: invalid LOC header (bad signature)
	at com.actitime.test.VerifyProductVersion.testVerifyProductVersion(VerifyProductVersion.java:14)
</failure>
    <system-err><![CDATA[Aug 12, 2017 5:49:45 PM org.openqa.selenium.remote.ProtocolHandshake createSession
INFO: Detected dialect: OSS
Aug 12, 2017 5:49:45 PM org.openqa.selenium.remote.ProtocolHandshake createSession
INFO: Detected dialect: OSS
]]></system-err>
  </testcase>
  <testcase name="testVerifyProductVersion" classname="com.actitime.test.VerifyProductVersion" time="0">
    <failure message="org/apache/xmlbeans/XmlObject" type="java.lang.NoClassDefFoundError">java.lang.NoClassDefFoundError: org/apache/xmlbeans/XmlObject
	at com.actitime.test.VerifyProductVersion.testVerifyProductVersion(VerifyProductVersion.java:14)
Caused by: java.lang.ClassNotFoundException: org.apache.xmlbeans.XmlObject
	at com.actitime.test.VerifyProductVersion.testVerifyProductVersion(VerifyProductVersion.java:14)
Caused by: java.util.zip.ZipException: invalid LOC header (bad signature)
	at com.actitime.test.VerifyProductVersion.testVerifyProductVersion(VerifyProductVersion.java:14)
</failure>
  </testcase>
</testsuite>