<?xml version="1.0" encoding="UTF-8"?>
<!-- Generated by org.testng.reporters.JUnitXMLReporter -->
<testsuite hostname="IND-WShivadas" ignored="0" name="TestChrome" tests="3" failures="0" timestamp="17 Aug 2017 08:40:34 GMT" time="60.215" errors="0">
  <testcase name="testValidLogin" time="5.663" classname="com.actitime.test.ValidLogin"/>
  <testcase name="testInvalidLogin" time="21.011" classname="com.actitime.test.InvalidLogin"/>
  <testcase name="testVerifyProductVersion" time="14.774" classname="com.actitime.test.VerifyProductVersion"/>
</testsuite> <!-- TestChrome -->
