<?xml version="1.0" encoding="UTF-8"?>
<!-- Generated by org.testng.reporters.JUnitXMLReporter -->
<testsuite hostname="IND-WShivadas" ignored="0" name="TestFirefox" tests="3" failures="0" timestamp="17 Aug 2017 08:40:39 GMT" time="65.291" errors="0">
  <testcase name="testValidLogin" time="5.902" classname="com.actitime.test.ValidLogin"/>
  <testcase name="testInvalidLogin" time="21.534" classname="com.actitime.test.InvalidLogin"/>
  <testcase name="testVerifyProductVersion" time="16.816" classname="com.actitime.test.VerifyProductVersion"/>
</testsuite> <!-- TestFirefox -->
